<?xml version="1.0" encoding="UTF-8"?>
<!-- Generated by org.testng.reporters.JUnitReportReporter -->
<testsuite skipped="0" hostname="EG-HGALAL-2" name="tests.AgentSettingsTest" tests="1" failures="0" timestamp="26 Aug 2021 20:38:46 GMT" time="12.886" errors="0">
  <testcase name="CheckAgentSetting" time="12.886" classname="tests.AgentSettingsTest"/>
</testsuite> <!-- tests.AgentSettingsTest -->
